[INFO] Scanning for projects...
[INFO] 
[INFO] -----------------------< se331.lab.rest:backend >-----------------------
[INFO] Building backend 0.0.1-SNAPSHOT
[INFO]   from pom.xml
[INFO] --------------------------------[ jar ]---------------------------------
[INFO] 
[INFO] --- resources:3.3.1:resources (default-resources) @ backend ---
[INFO] Copying 3 resources from src\main\resources to target\classes
[INFO] Copying 0 resource from src\main\resources to target\classes
[INFO] 
[INFO] --- compiler:3.13.0:compile (default-compile) @ backend ---
[INFO] Recompiling the module because of changed source code.
[INFO] Compiling 31 source files with javac [debug parameters release 17] to target\classes
[INFO] -------------------------------------------------------------
[WARNING] COMPILATION WARNING : 
[INFO] -------------------------------------------------------------
[WARNING] /D:/新建文件夹 (3)/backend/src/main/java/se331/lab/rest/util/AuthResponseDto.java:[14,20] @Builder will ignore the initializing expression entirely. If you want the initializing expression to serve as default, add @Builder.Default. If it is not supposed to be settable during building, make the field final.
[INFO] 1 warning
[INFO] -------------------------------------------------------------
[INFO] -------------------------------------------------------------
[ERROR] COMPILATION ERROR : 
[INFO] -------------------------------------------------------------
[ERROR] /D:/新建文件夹 (3)/backend/src/main/java/se331/lab/rest/controller/AuthController.java:[12,27] 找不到符号
  符号:   类 LoginDto
  位置: 程序包 se331.lab.rest.util
[ERROR] /D:/新建文件夹 (3)/backend/src/main/java/se331/lab/rest/service/AuthService.java:[4,27] 找不到符号
  符号:   类 LoginDto
  位置: 程序包 se331.lab.rest.util
[ERROR] /D:/新建文件夹 (3)/backend/src/main/java/se331/lab/rest/controller/AuthController.java:[23,63] 找不到符号
  符号:   类 LoginDto
  位置: 类 se331.lab.rest.controller.AuthController
[ERROR] /D:/新建文件夹 (3)/backend/src/main/java/se331/lab/rest/service/AuthService.java:[8,27] 找不到符号
  符号:   类 LoginDto
  位置: 接口 se331.lab.rest.service.AuthService
[ERROR] /D:/新建文件夹 (3)/backend/src/main/java/se331/lab/rest/service/AuthServiceImpl.java:[14,27] 找不到符号
  符号:   类 LoginDto
  位置: 程序包 se331.lab.rest.util
[ERROR] /D:/新建文件夹 (3)/backend/src/main/java/se331/lab/rest/service/AuthServiceImpl.java:[27,34] 找不到符号
  符号:   类 LoginDto
  位置: 类 se331.lab.rest.service.AuthServiceImpl
[INFO] 6 errors 
[INFO] -------------------------------------------------------------
[INFO] ------------------------------------------------------------------------
[INFO] BUILD FAILURE
[INFO] ------------------------------------------------------------------------
[INFO] Total time:  7.711 s
[INFO] Finished at: 2025-11-28T10:18:17+08:00
[INFO] ------------------------------------------------------------------------
[ERROR] Failed to execute goal org.apache.maven.plugins:maven-compiler-plugin:3.13.0:compile (default-compile) on project backend: Compilation failure: Compilation failure: 
[ERROR] /D:/新建文件夹 (3)/backend/src/main/java/se331/lab/rest/controller/AuthController.java:[12,27] 找不到符号
[ERROR]   符号:   类 LoginDto
[ERROR]   位置: 程序包 se331.lab.rest.util
[ERROR] /D:/新建文件夹 (3)/backend/src/main/java/se331/lab/rest/service/AuthService.java:[4,27] 找不到符号
[ERROR]   符号:   类 LoginDto
[ERROR]   位置: 程序包 se331.lab.rest.util
[ERROR] /D:/新建文件夹 (3)/backend/src/main/java/se331/lab/rest/controller/AuthController.java:[23,63] 找不到符号
[ERROR]   符号:   类 LoginDto
[ERROR]   位置: 类 se331.lab.rest.controller.AuthController
[ERROR] /D:/新建文件夹 (3)/backend/src/main/java/se331/lab/rest/service/AuthService.java:[8,27] 找不到符号
[ERROR]   符号:   类 LoginDto
[ERROR]   位置: 接口 se331.lab.rest.service.AuthService
[ERROR] /D:/新建文件夹 (3)/backend/src/main/java/se331/lab/rest/service/AuthServiceImpl.java:[14,27] 找不到符号
[ERROR]   符号:   类 LoginDto
[ERROR]   位置: 程序包 se331.lab.rest.util
[ERROR] /D:/新建文件夹 (3)/backend/src/main/java/se331/lab/rest/service/AuthServiceImpl.java:[27,34] 找不到符号
[ERROR]   符号:   类 LoginDto
[ERROR]   位置: 类 se331.lab.rest.service.AuthServiceImpl
[ERROR] -> [Help 1]
[ERROR] 
[ERROR] To see the full stack trace of the errors, re-run Maven with the -e switch.
[ERROR] Re-run Maven using the -X switch to enable full debug logging.
[ERROR] 
[ERROR] For more information about the errors and possible solutions, please read the following articles:
[ERROR] [Help 1] http://cwiki.apache.org/confluence/display/MAVEN/MojoFailureException
